2023-11-07 23:01:27,750:WARNING:
'cuml' is a soft dependency and not included in the pycaret installation. Please run: `pip install cuml` to install.
2023-11-07 23:01:27,750:WARNING:
'cuml' is a soft dependency and not included in the pycaret installation. Please run: `pip install cuml` to install.
2023-11-07 23:01:27,750:WARNING:
'cuml' is a soft dependency and not included in the pycaret installation. Please run: `pip install cuml` to install.
2023-11-07 23:01:27,750:WARNING:
'cuml' is a soft dependency and not included in the pycaret installation. Please run: `pip install cuml` to install.
2023-11-07 23:01:28,553:INFO:Initializing load_model()
2023-11-07 23:01:28,553:INFO:load_model(model_name=modelos\best_model-pipeline, platform=None, authentication=None, verbose=True)
2023-11-07 23:01:45,472:WARNING:
'cuml' is a soft dependency and not included in the pycaret installation. Please run: `pip install cuml` to install.
2023-11-07 23:01:45,472:WARNING:
'cuml' is a soft dependency and not included in the pycaret installation. Please run: `pip install cuml` to install.
2023-11-07 23:01:45,472:WARNING:
'cuml' is a soft dependency and not included in the pycaret installation. Please run: `pip install cuml` to install.
2023-11-07 23:01:45,472:WARNING:
'cuml' is a soft dependency and not included in the pycaret installation. Please run: `pip install cuml` to install.
2023-11-07 23:01:46,272:INFO:Initializing load_model()
2023-11-07 23:01:46,272:INFO:load_model(model_name=../modelos\best_model-pipeline, platform=None, authentication=None, verbose=True)
2023-11-07 23:01:50,313:WARNING:
'cuml' is a soft dependency and not included in the pycaret installation. Please run: `pip install cuml` to install.
2023-11-07 23:01:50,313:WARNING:
'cuml' is a soft dependency and not included in the pycaret installation. Please run: `pip install cuml` to install.
2023-11-07 23:01:50,313:WARNING:
'cuml' is a soft dependency and not included in the pycaret installation. Please run: `pip install cuml` to install.
2023-11-07 23:01:50,313:WARNING:
'cuml' is a soft dependency and not included in the pycaret installation. Please run: `pip install cuml` to install.
2023-11-07 23:01:51,162:INFO:Initializing load_model()
2023-11-07 23:01:51,162:INFO:load_model(model_name=../modelos\best_model-pipeline, platform=None, authentication=None, verbose=True)
2023-11-07 23:13:03,367:WARNING:
'cuml' is a soft dependency and not included in the pycaret installation. Please run: `pip install cuml` to install.
2023-11-07 23:13:03,367:WARNING:
'cuml' is a soft dependency and not included in the pycaret installation. Please run: `pip install cuml` to install.
2023-11-07 23:13:03,367:WARNING:
'cuml' is a soft dependency and not included in the pycaret installation. Please run: `pip install cuml` to install.
2023-11-07 23:13:03,367:WARNING:
'cuml' is a soft dependency and not included in the pycaret installation. Please run: `pip install cuml` to install.
2023-11-07 23:13:04,159:INFO:Initializing load_model()
2023-11-07 23:13:04,159:INFO:load_model(model_name=../modelos\best_model-pipeline, platform=None, authentication=None, verbose=True)
2023-11-07 23:13:07,761:WARNING:
'cuml' is a soft dependency and not included in the pycaret installation. Please run: `pip install cuml` to install.
2023-11-07 23:13:07,761:WARNING:
'cuml' is a soft dependency and not included in the pycaret installation. Please run: `pip install cuml` to install.
2023-11-07 23:13:07,761:WARNING:
'cuml' is a soft dependency and not included in the pycaret installation. Please run: `pip install cuml` to install.
2023-11-07 23:13:07,761:WARNING:
'cuml' is a soft dependency and not included in the pycaret installation. Please run: `pip install cuml` to install.
2023-11-07 23:13:08,563:INFO:Initializing load_model()
2023-11-07 23:13:08,564:INFO:load_model(model_name=../modelos\best_model-pipeline, platform=None, authentication=None, verbose=True)
2023-11-07 23:14:30,553:WARNING:
'cuml' is a soft dependency and not included in the pycaret installation. Please run: `pip install cuml` to install.
2023-11-07 23:14:30,553:WARNING:
'cuml' is a soft dependency and not included in the pycaret installation. Please run: `pip install cuml` to install.
2023-11-07 23:14:30,554:WARNING:
'cuml' is a soft dependency and not included in the pycaret installation. Please run: `pip install cuml` to install.
2023-11-07 23:14:30,554:WARNING:
'cuml' is a soft dependency and not included in the pycaret installation. Please run: `pip install cuml` to install.
2023-11-07 23:14:31,388:INFO:Initializing load_model()
2023-11-07 23:14:31,388:INFO:load_model(model_name=../modelos\best_model-pipeline, platform=None, authentication=None, verbose=True)
2023-11-07 23:15:25,961:WARNING:
'cuml' is a soft dependency and not included in the pycaret installation. Please run: `pip install cuml` to install.
2023-11-07 23:15:25,961:WARNING:
'cuml' is a soft dependency and not included in the pycaret installation. Please run: `pip install cuml` to install.
2023-11-07 23:15:25,961:WARNING:
'cuml' is a soft dependency and not included in the pycaret installation. Please run: `pip install cuml` to install.
2023-11-07 23:15:25,961:WARNING:
'cuml' is a soft dependency and not included in the pycaret installation. Please run: `pip install cuml` to install.
2023-11-07 23:15:26,735:INFO:Initializing load_model()
2023-11-07 23:15:26,735:INFO:load_model(model_name=../modelos\best_model-pipeline, platform=None, authentication=None, verbose=True)
2023-11-07 23:15:45,928:WARNING:
'cuml' is a soft dependency and not included in the pycaret installation. Please run: `pip install cuml` to install.
2023-11-07 23:15:45,928:WARNING:
'cuml' is a soft dependency and not included in the pycaret installation. Please run: `pip install cuml` to install.
2023-11-07 23:15:45,928:WARNING:
'cuml' is a soft dependency and not included in the pycaret installation. Please run: `pip install cuml` to install.
2023-11-07 23:15:45,928:WARNING:
'cuml' is a soft dependency and not included in the pycaret installation. Please run: `pip install cuml` to install.
2023-11-07 23:15:46,716:INFO:Initializing load_model()
2023-11-07 23:15:46,716:INFO:load_model(model_name=../modelos\best_model-pipeline, platform=None, authentication=None, verbose=True)
2023-11-07 23:17:16,787:WARNING:
'cuml' is a soft dependency and not included in the pycaret installation. Please run: `pip install cuml` to install.
2023-11-07 23:17:16,787:WARNING:
'cuml' is a soft dependency and not included in the pycaret installation. Please run: `pip install cuml` to install.
2023-11-07 23:17:16,787:WARNING:
'cuml' is a soft dependency and not included in the pycaret installation. Please run: `pip install cuml` to install.
2023-11-07 23:17:16,787:WARNING:
'cuml' is a soft dependency and not included in the pycaret installation. Please run: `pip install cuml` to install.
2023-11-07 23:17:17,592:INFO:Initializing load_model()
2023-11-07 23:17:17,592:INFO:load_model(model_name=../modelos\best_model-pipeline, platform=None, authentication=None, verbose=True)
2023-11-07 23:17:35,713:WARNING:
'cuml' is a soft dependency and not included in the pycaret installation. Please run: `pip install cuml` to install.
2023-11-07 23:17:35,713:WARNING:
'cuml' is a soft dependency and not included in the pycaret installation. Please run: `pip install cuml` to install.
2023-11-07 23:17:35,713:WARNING:
'cuml' is a soft dependency and not included in the pycaret installation. Please run: `pip install cuml` to install.
2023-11-07 23:17:35,713:WARNING:
'cuml' is a soft dependency and not included in the pycaret installation. Please run: `pip install cuml` to install.
2023-11-07 23:17:36,512:INFO:Initializing load_model()
2023-11-07 23:17:36,512:INFO:load_model(model_name=../modelos\best_model-pipeline, platform=None, authentication=None, verbose=True)
2023-11-07 23:17:51,660:WARNING:
'cuml' is a soft dependency and not included in the pycaret installation. Please run: `pip install cuml` to install.
2023-11-07 23:17:51,661:WARNING:
'cuml' is a soft dependency and not included in the pycaret installation. Please run: `pip install cuml` to install.
2023-11-07 23:17:51,661:WARNING:
'cuml' is a soft dependency and not included in the pycaret installation. Please run: `pip install cuml` to install.
2023-11-07 23:17:51,661:WARNING:
'cuml' is a soft dependency and not included in the pycaret installation. Please run: `pip install cuml` to install.
2023-11-07 23:17:52,462:INFO:Initializing load_model()
2023-11-07 23:17:52,462:INFO:load_model(model_name=../modelos\best_model-pipeline, platform=None, authentication=None, verbose=True)
2023-11-07 23:18:11,607:WARNING:
'cuml' is a soft dependency and not included in the pycaret installation. Please run: `pip install cuml` to install.
2023-11-07 23:18:11,607:WARNING:
'cuml' is a soft dependency and not included in the pycaret installation. Please run: `pip install cuml` to install.
2023-11-07 23:18:11,607:WARNING:
'cuml' is a soft dependency and not included in the pycaret installation. Please run: `pip install cuml` to install.
2023-11-07 23:18:11,607:WARNING:
'cuml' is a soft dependency and not included in the pycaret installation. Please run: `pip install cuml` to install.
2023-11-07 23:18:12,406:INFO:Initializing load_model()
2023-11-07 23:18:12,406:INFO:load_model(model_name=../modelos\best_model-pipeline, platform=None, authentication=None, verbose=True)
2023-11-07 23:20:45,090:WARNING:
'cuml' is a soft dependency and not included in the pycaret installation. Please run: `pip install cuml` to install.
2023-11-07 23:20:45,091:WARNING:
'cuml' is a soft dependency and not included in the pycaret installation. Please run: `pip install cuml` to install.
2023-11-07 23:20:45,091:WARNING:
'cuml' is a soft dependency and not included in the pycaret installation. Please run: `pip install cuml` to install.
2023-11-07 23:20:45,091:WARNING:
'cuml' is a soft dependency and not included in the pycaret installation. Please run: `pip install cuml` to install.
2023-11-07 23:20:45,884:INFO:Initializing load_model()
2023-11-07 23:20:45,884:INFO:load_model(model_name=../modelos\best_model-pipeline, platform=None, authentication=None, verbose=True)
2023-11-07 23:21:00,992:WARNING:
'cuml' is a soft dependency and not included in the pycaret installation. Please run: `pip install cuml` to install.
2023-11-07 23:21:00,993:WARNING:
'cuml' is a soft dependency and not included in the pycaret installation. Please run: `pip install cuml` to install.
2023-11-07 23:21:00,993:WARNING:
'cuml' is a soft dependency and not included in the pycaret installation. Please run: `pip install cuml` to install.
2023-11-07 23:21:00,993:WARNING:
'cuml' is a soft dependency and not included in the pycaret installation. Please run: `pip install cuml` to install.
2023-11-07 23:21:01,799:INFO:Initializing load_model()
2023-11-07 23:21:01,799:INFO:load_model(model_name=../modelos\best_model-pipeline, platform=None, authentication=None, verbose=True)
2023-11-07 23:21:24,046:WARNING:
'cuml' is a soft dependency and not included in the pycaret installation. Please run: `pip install cuml` to install.
2023-11-07 23:21:24,047:WARNING:
'cuml' is a soft dependency and not included in the pycaret installation. Please run: `pip install cuml` to install.
2023-11-07 23:21:24,047:WARNING:
'cuml' is a soft dependency and not included in the pycaret installation. Please run: `pip install cuml` to install.
2023-11-07 23:21:24,047:WARNING:
'cuml' is a soft dependency and not included in the pycaret installation. Please run: `pip install cuml` to install.
2023-11-07 23:21:24,843:INFO:Initializing load_model()
2023-11-07 23:21:24,843:INFO:load_model(model_name=../modelos\best_model-pipeline, platform=None, authentication=None, verbose=True)
2023-11-07 23:21:50,039:WARNING:
'cuml' is a soft dependency and not included in the pycaret installation. Please run: `pip install cuml` to install.
2023-11-07 23:21:50,039:WARNING:
'cuml' is a soft dependency and not included in the pycaret installation. Please run: `pip install cuml` to install.
2023-11-07 23:21:50,039:WARNING:
'cuml' is a soft dependency and not included in the pycaret installation. Please run: `pip install cuml` to install.
2023-11-07 23:21:50,040:WARNING:
'cuml' is a soft dependency and not included in the pycaret installation. Please run: `pip install cuml` to install.
2023-11-07 23:21:50,822:INFO:Initializing load_model()
2023-11-07 23:21:50,822:INFO:load_model(model_name=../modelos\best_model-pipeline, platform=None, authentication=None, verbose=True)
2023-11-07 23:22:14,045:WARNING:
'cuml' is a soft dependency and not included in the pycaret installation. Please run: `pip install cuml` to install.
2023-11-07 23:22:14,045:WARNING:
'cuml' is a soft dependency and not included in the pycaret installation. Please run: `pip install cuml` to install.
2023-11-07 23:22:14,045:WARNING:
'cuml' is a soft dependency and not included in the pycaret installation. Please run: `pip install cuml` to install.
2023-11-07 23:22:14,045:WARNING:
'cuml' is a soft dependency and not included in the pycaret installation. Please run: `pip install cuml` to install.
2023-11-07 23:22:14,839:INFO:Initializing load_model()
2023-11-07 23:22:14,839:INFO:load_model(model_name=../modelos\best_model-pipeline, platform=None, authentication=None, verbose=True)
2023-11-07 23:25:50,132:WARNING:
'cuml' is a soft dependency and not included in the pycaret installation. Please run: `pip install cuml` to install.
2023-11-07 23:25:50,132:WARNING:
'cuml' is a soft dependency and not included in the pycaret installation. Please run: `pip install cuml` to install.
2023-11-07 23:25:50,132:WARNING:
'cuml' is a soft dependency and not included in the pycaret installation. Please run: `pip install cuml` to install.
2023-11-07 23:25:50,132:WARNING:
'cuml' is a soft dependency and not included in the pycaret installation. Please run: `pip install cuml` to install.
2023-11-07 23:25:50,954:INFO:Initializing load_model()
2023-11-07 23:25:50,955:INFO:load_model(model_name=../modelos\best_model-pipeline, platform=None, authentication=None, verbose=True)
2023-11-07 23:26:39,417:WARNING:
'cuml' is a soft dependency and not included in the pycaret installation. Please run: `pip install cuml` to install.
2023-11-07 23:26:39,417:WARNING:
'cuml' is a soft dependency and not included in the pycaret installation. Please run: `pip install cuml` to install.
2023-11-07 23:26:39,417:WARNING:
'cuml' is a soft dependency and not included in the pycaret installation. Please run: `pip install cuml` to install.
2023-11-07 23:26:39,417:WARNING:
'cuml' is a soft dependency and not included in the pycaret installation. Please run: `pip install cuml` to install.
2023-11-07 23:26:40,211:INFO:Initializing load_model()
2023-11-07 23:26:40,211:INFO:load_model(model_name=../modelos\best_model-pipeline, platform=None, authentication=None, verbose=True)
2023-11-07 23:27:00,415:WARNING:
'cuml' is a soft dependency and not included in the pycaret installation. Please run: `pip install cuml` to install.
2023-11-07 23:27:00,416:WARNING:
'cuml' is a soft dependency and not included in the pycaret installation. Please run: `pip install cuml` to install.
2023-11-07 23:27:00,416:WARNING:
'cuml' is a soft dependency and not included in the pycaret installation. Please run: `pip install cuml` to install.
2023-11-07 23:27:00,416:WARNING:
'cuml' is a soft dependency and not included in the pycaret installation. Please run: `pip install cuml` to install.
2023-11-07 23:27:01,212:INFO:Initializing load_model()
2023-11-07 23:27:01,212:INFO:load_model(model_name=../modelos\best_model-pipeline, platform=None, authentication=None, verbose=True)
2023-11-07 23:30:24,671:WARNING:
'cuml' is a soft dependency and not included in the pycaret installation. Please run: `pip install cuml` to install.
2023-11-07 23:30:24,671:WARNING:
'cuml' is a soft dependency and not included in the pycaret installation. Please run: `pip install cuml` to install.
2023-11-07 23:30:24,672:WARNING:
'cuml' is a soft dependency and not included in the pycaret installation. Please run: `pip install cuml` to install.
2023-11-07 23:30:24,672:WARNING:
'cuml' is a soft dependency and not included in the pycaret installation. Please run: `pip install cuml` to install.
2023-11-07 23:30:25,556:INFO:Initializing load_model()
2023-11-07 23:30:25,556:INFO:load_model(model_name=../modelos\best_model-pipeline, platform=None, authentication=None, verbose=True)
2023-11-07 23:31:20,120:WARNING:
'cuml' is a soft dependency and not included in the pycaret installation. Please run: `pip install cuml` to install.
2023-11-07 23:31:20,120:WARNING:
'cuml' is a soft dependency and not included in the pycaret installation. Please run: `pip install cuml` to install.
2023-11-07 23:31:20,120:WARNING:
'cuml' is a soft dependency and not included in the pycaret installation. Please run: `pip install cuml` to install.
2023-11-07 23:31:20,120:WARNING:
'cuml' is a soft dependency and not included in the pycaret installation. Please run: `pip install cuml` to install.
2023-11-07 23:31:20,948:INFO:Initializing load_model()
2023-11-07 23:31:20,948:INFO:load_model(model_name=../modelos\best_model-pipeline, platform=None, authentication=None, verbose=True)
2023-11-07 23:31:42,135:WARNING:
'cuml' is a soft dependency and not included in the pycaret installation. Please run: `pip install cuml` to install.
2023-11-07 23:31:42,136:WARNING:
'cuml' is a soft dependency and not included in the pycaret installation. Please run: `pip install cuml` to install.
2023-11-07 23:31:42,136:WARNING:
'cuml' is a soft dependency and not included in the pycaret installation. Please run: `pip install cuml` to install.
2023-11-07 23:31:42,136:WARNING:
'cuml' is a soft dependency and not included in the pycaret installation. Please run: `pip install cuml` to install.
2023-11-07 23:31:42,939:INFO:Initializing load_model()
2023-11-07 23:31:42,939:INFO:load_model(model_name=../modelos\best_model-pipeline, platform=None, authentication=None, verbose=True)
2023-11-07 23:32:27,407:WARNING:
'cuml' is a soft dependency and not included in the pycaret installation. Please run: `pip install cuml` to install.
2023-11-07 23:32:27,407:WARNING:
'cuml' is a soft dependency and not included in the pycaret installation. Please run: `pip install cuml` to install.
2023-11-07 23:32:27,407:WARNING:
'cuml' is a soft dependency and not included in the pycaret installation. Please run: `pip install cuml` to install.
2023-11-07 23:32:27,408:WARNING:
'cuml' is a soft dependency and not included in the pycaret installation. Please run: `pip install cuml` to install.
2023-11-07 23:32:28,204:INFO:Initializing load_model()
2023-11-07 23:32:28,204:INFO:load_model(model_name=../modelos\best_model-pipeline, platform=None, authentication=None, verbose=True)
2023-11-07 23:32:38,362:WARNING:
'cuml' is a soft dependency and not included in the pycaret installation. Please run: `pip install cuml` to install.
2023-11-07 23:32:38,362:WARNING:
'cuml' is a soft dependency and not included in the pycaret installation. Please run: `pip install cuml` to install.
2023-11-07 23:32:38,362:WARNING:
'cuml' is a soft dependency and not included in the pycaret installation. Please run: `pip install cuml` to install.
2023-11-07 23:32:38,362:WARNING:
'cuml' is a soft dependency and not included in the pycaret installation. Please run: `pip install cuml` to install.
2023-11-07 23:32:39,202:INFO:Initializing load_model()
2023-11-07 23:32:39,202:INFO:load_model(model_name=../modelos\best_model-pipeline, platform=None, authentication=None, verbose=True)
2023-11-07 23:32:44,215:WARNING:
'cuml' is a soft dependency and not included in the pycaret installation. Please run: `pip install cuml` to install.
2023-11-07 23:32:44,215:WARNING:
'cuml' is a soft dependency and not included in the pycaret installation. Please run: `pip install cuml` to install.
2023-11-07 23:32:44,215:WARNING:
'cuml' is a soft dependency and not included in the pycaret installation. Please run: `pip install cuml` to install.
2023-11-07 23:32:44,215:WARNING:
'cuml' is a soft dependency and not included in the pycaret installation. Please run: `pip install cuml` to install.
2023-11-07 23:32:45,031:INFO:Initializing load_model()
2023-11-07 23:32:45,031:INFO:load_model(model_name=../modelos\best_model-pipeline, platform=None, authentication=None, verbose=True)
2023-11-07 23:34:12,015:WARNING:
'cuml' is a soft dependency and not included in the pycaret installation. Please run: `pip install cuml` to install.
2023-11-07 23:34:12,015:WARNING:
'cuml' is a soft dependency and not included in the pycaret installation. Please run: `pip install cuml` to install.
2023-11-07 23:34:12,015:WARNING:
'cuml' is a soft dependency and not included in the pycaret installation. Please run: `pip install cuml` to install.
2023-11-07 23:34:12,015:WARNING:
'cuml' is a soft dependency and not included in the pycaret installation. Please run: `pip install cuml` to install.
2023-11-07 23:34:12,827:INFO:Initializing load_model()
2023-11-07 23:34:12,827:INFO:load_model(model_name=../modelos\best_model-pipeline, platform=None, authentication=None, verbose=True)
2023-11-07 23:34:58,333:WARNING:
'cuml' is a soft dependency and not included in the pycaret installation. Please run: `pip install cuml` to install.
2023-11-07 23:34:58,333:WARNING:
'cuml' is a soft dependency and not included in the pycaret installation. Please run: `pip install cuml` to install.
2023-11-07 23:34:58,334:WARNING:
'cuml' is a soft dependency and not included in the pycaret installation. Please run: `pip install cuml` to install.
2023-11-07 23:34:58,334:WARNING:
'cuml' is a soft dependency and not included in the pycaret installation. Please run: `pip install cuml` to install.
2023-11-07 23:34:59,140:INFO:Initializing load_model()
2023-11-07 23:34:59,140:INFO:load_model(model_name=../modelos\best_model-pipeline, platform=None, authentication=None, verbose=True)
2023-11-07 23:35:52,921:WARNING:
'cuml' is a soft dependency and not included in the pycaret installation. Please run: `pip install cuml` to install.
2023-11-07 23:35:52,922:WARNING:
'cuml' is a soft dependency and not included in the pycaret installation. Please run: `pip install cuml` to install.
2023-11-07 23:35:52,922:WARNING:
'cuml' is a soft dependency and not included in the pycaret installation. Please run: `pip install cuml` to install.
2023-11-07 23:35:52,922:WARNING:
'cuml' is a soft dependency and not included in the pycaret installation. Please run: `pip install cuml` to install.
2023-11-07 23:35:53,756:INFO:Initializing load_model()
2023-11-07 23:35:53,757:INFO:load_model(model_name=../modelos\best_model-pipeline, platform=None, authentication=None, verbose=True)
2023-11-07 23:36:02,837:WARNING:
'cuml' is a soft dependency and not included in the pycaret installation. Please run: `pip install cuml` to install.
2023-11-07 23:36:02,837:WARNING:
'cuml' is a soft dependency and not included in the pycaret installation. Please run: `pip install cuml` to install.
2023-11-07 23:36:02,837:WARNING:
'cuml' is a soft dependency and not included in the pycaret installation. Please run: `pip install cuml` to install.
2023-11-07 23:36:02,837:WARNING:
'cuml' is a soft dependency and not included in the pycaret installation. Please run: `pip install cuml` to install.
2023-11-07 23:36:03,643:INFO:Initializing load_model()
2023-11-07 23:36:03,643:INFO:load_model(model_name=../modelos\best_model-pipeline, platform=None, authentication=None, verbose=True)
2023-11-07 23:36:26,872:WARNING:
'cuml' is a soft dependency and not included in the pycaret installation. Please run: `pip install cuml` to install.
2023-11-07 23:36:26,872:WARNING:
'cuml' is a soft dependency and not included in the pycaret installation. Please run: `pip install cuml` to install.
2023-11-07 23:36:26,872:WARNING:
'cuml' is a soft dependency and not included in the pycaret installation. Please run: `pip install cuml` to install.
2023-11-07 23:36:26,872:WARNING:
'cuml' is a soft dependency and not included in the pycaret installation. Please run: `pip install cuml` to install.
2023-11-07 23:36:27,683:INFO:Initializing load_model()
2023-11-07 23:36:27,683:INFO:load_model(model_name=../modelos\best_model-pipeline, platform=None, authentication=None, verbose=True)
2023-11-07 23:36:48,912:WARNING:
'cuml' is a soft dependency and not included in the pycaret installation. Please run: `pip install cuml` to install.
2023-11-07 23:36:48,912:WARNING:
'cuml' is a soft dependency and not included in the pycaret installation. Please run: `pip install cuml` to install.
2023-11-07 23:36:48,912:WARNING:
'cuml' is a soft dependency and not included in the pycaret installation. Please run: `pip install cuml` to install.
2023-11-07 23:36:48,912:WARNING:
'cuml' is a soft dependency and not included in the pycaret installation. Please run: `pip install cuml` to install.
2023-11-07 23:36:49,713:INFO:Initializing load_model()
2023-11-07 23:36:49,713:INFO:load_model(model_name=../modelos\best_model-pipeline, platform=None, authentication=None, verbose=True)
2023-11-07 23:37:18,016:WARNING:
'cuml' is a soft dependency and not included in the pycaret installation. Please run: `pip install cuml` to install.
2023-11-07 23:37:18,016:WARNING:
'cuml' is a soft dependency and not included in the pycaret installation. Please run: `pip install cuml` to install.
2023-11-07 23:37:18,016:WARNING:
'cuml' is a soft dependency and not included in the pycaret installation. Please run: `pip install cuml` to install.
2023-11-07 23:37:18,016:WARNING:
'cuml' is a soft dependency and not included in the pycaret installation. Please run: `pip install cuml` to install.
2023-11-07 23:37:18,829:INFO:Initializing load_model()
2023-11-07 23:37:18,829:INFO:load_model(model_name=../modelos\best_model-pipeline, platform=None, authentication=None, verbose=True)
2023-11-07 23:37:39,035:WARNING:
'cuml' is a soft dependency and not included in the pycaret installation. Please run: `pip install cuml` to install.
2023-11-07 23:37:39,035:WARNING:
'cuml' is a soft dependency and not included in the pycaret installation. Please run: `pip install cuml` to install.
2023-11-07 23:37:39,035:WARNING:
'cuml' is a soft dependency and not included in the pycaret installation. Please run: `pip install cuml` to install.
2023-11-07 23:37:39,035:WARNING:
'cuml' is a soft dependency and not included in the pycaret installation. Please run: `pip install cuml` to install.
2023-11-07 23:37:39,841:INFO:Initializing load_model()
2023-11-07 23:37:39,841:INFO:load_model(model_name=../modelos\best_model-pipeline, platform=None, authentication=None, verbose=True)
2023-11-07 23:37:53,954:WARNING:
'cuml' is a soft dependency and not included in the pycaret installation. Please run: `pip install cuml` to install.
2023-11-07 23:37:53,954:WARNING:
'cuml' is a soft dependency and not included in the pycaret installation. Please run: `pip install cuml` to install.
2023-11-07 23:37:53,954:WARNING:
'cuml' is a soft dependency and not included in the pycaret installation. Please run: `pip install cuml` to install.
2023-11-07 23:37:53,954:WARNING:
'cuml' is a soft dependency and not included in the pycaret installation. Please run: `pip install cuml` to install.
2023-11-07 23:37:54,766:INFO:Initializing load_model()
2023-11-07 23:37:54,767:INFO:load_model(model_name=../modelos\best_model-pipeline, platform=None, authentication=None, verbose=True)
2023-11-07 23:38:35,332:WARNING:
'cuml' is a soft dependency and not included in the pycaret installation. Please run: `pip install cuml` to install.
2023-11-07 23:38:35,333:WARNING:
'cuml' is a soft dependency and not included in the pycaret installation. Please run: `pip install cuml` to install.
2023-11-07 23:38:35,333:WARNING:
'cuml' is a soft dependency and not included in the pycaret installation. Please run: `pip install cuml` to install.
2023-11-07 23:38:35,333:WARNING:
'cuml' is a soft dependency and not included in the pycaret installation. Please run: `pip install cuml` to install.
2023-11-07 23:38:36,129:INFO:Initializing load_model()
2023-11-07 23:38:36,129:INFO:load_model(model_name=../modelos\best_model-pipeline, platform=None, authentication=None, verbose=True)
2023-11-07 23:39:06,438:WARNING:
'cuml' is a soft dependency and not included in the pycaret installation. Please run: `pip install cuml` to install.
2023-11-07 23:39:06,440:WARNING:
'cuml' is a soft dependency and not included in the pycaret installation. Please run: `pip install cuml` to install.
2023-11-07 23:39:06,440:WARNING:
'cuml' is a soft dependency and not included in the pycaret installation. Please run: `pip install cuml` to install.
2023-11-07 23:39:06,440:WARNING:
'cuml' is a soft dependency and not included in the pycaret installation. Please run: `pip install cuml` to install.
2023-11-07 23:39:07,329:INFO:Initializing load_model()
2023-11-07 23:39:07,329:INFO:load_model(model_name=../modelos\best_model-pipeline, platform=None, authentication=None, verbose=True)
2023-11-07 23:39:27,497:WARNING:
'cuml' is a soft dependency and not included in the pycaret installation. Please run: `pip install cuml` to install.
2023-11-07 23:39:27,497:WARNING:
'cuml' is a soft dependency and not included in the pycaret installation. Please run: `pip install cuml` to install.
2023-11-07 23:39:27,497:WARNING:
'cuml' is a soft dependency and not included in the pycaret installation. Please run: `pip install cuml` to install.
2023-11-07 23:39:27,497:WARNING:
'cuml' is a soft dependency and not included in the pycaret installation. Please run: `pip install cuml` to install.
2023-11-07 23:39:28,304:INFO:Initializing load_model()
2023-11-07 23:39:28,304:INFO:load_model(model_name=../modelos\best_model-pipeline, platform=None, authentication=None, verbose=True)
2023-11-07 23:39:39,399:WARNING:
'cuml' is a soft dependency and not included in the pycaret installation. Please run: `pip install cuml` to install.
2023-11-07 23:39:39,400:WARNING:
'cuml' is a soft dependency and not included in the pycaret installation. Please run: `pip install cuml` to install.
2023-11-07 23:39:39,400:WARNING:
'cuml' is a soft dependency and not included in the pycaret installation. Please run: `pip install cuml` to install.
2023-11-07 23:39:39,400:WARNING:
'cuml' is a soft dependency and not included in the pycaret installation. Please run: `pip install cuml` to install.
2023-11-07 23:39:40,190:INFO:Initializing load_model()
2023-11-07 23:39:40,190:INFO:load_model(model_name=../modelos\best_model-pipeline, platform=None, authentication=None, verbose=True)
2023-11-07 23:40:29,754:WARNING:
'cuml' is a soft dependency and not included in the pycaret installation. Please run: `pip install cuml` to install.
2023-11-07 23:40:29,755:WARNING:
'cuml' is a soft dependency and not included in the pycaret installation. Please run: `pip install cuml` to install.
2023-11-07 23:40:29,755:WARNING:
'cuml' is a soft dependency and not included in the pycaret installation. Please run: `pip install cuml` to install.
2023-11-07 23:40:29,755:WARNING:
'cuml' is a soft dependency and not included in the pycaret installation. Please run: `pip install cuml` to install.
2023-11-07 23:40:30,566:INFO:Initializing load_model()
2023-11-07 23:40:30,566:INFO:load_model(model_name=../modelos\best_model-pipeline, platform=None, authentication=None, verbose=True)
2023-11-07 23:41:07,884:WARNING:
'cuml' is a soft dependency and not included in the pycaret installation. Please run: `pip install cuml` to install.
2023-11-07 23:41:07,884:WARNING:
'cuml' is a soft dependency and not included in the pycaret installation. Please run: `pip install cuml` to install.
2023-11-07 23:41:07,884:WARNING:
'cuml' is a soft dependency and not included in the pycaret installation. Please run: `pip install cuml` to install.
2023-11-07 23:41:07,884:WARNING:
'cuml' is a soft dependency and not included in the pycaret installation. Please run: `pip install cuml` to install.
2023-11-07 23:41:08,702:INFO:Initializing load_model()
2023-11-07 23:41:08,702:INFO:load_model(model_name=../modelos\best_model-pipeline, platform=None, authentication=None, verbose=True)
2023-11-07 23:41:50,232:WARNING:
'cuml' is a soft dependency and not included in the pycaret installation. Please run: `pip install cuml` to install.
2023-11-07 23:41:50,232:WARNING:
'cuml' is a soft dependency and not included in the pycaret installation. Please run: `pip install cuml` to install.
2023-11-07 23:41:50,232:WARNING:
'cuml' is a soft dependency and not included in the pycaret installation. Please run: `pip install cuml` to install.
2023-11-07 23:41:50,232:WARNING:
'cuml' is a soft dependency and not included in the pycaret installation. Please run: `pip install cuml` to install.
2023-11-07 23:41:51,027:INFO:Initializing load_model()
2023-11-07 23:41:51,027:INFO:load_model(model_name=../modelos\best_model-pipeline, platform=None, authentication=None, verbose=True)
2023-11-07 23:42:08,143:WARNING:
'cuml' is a soft dependency and not included in the pycaret installation. Please run: `pip install cuml` to install.
2023-11-07 23:42:08,143:WARNING:
'cuml' is a soft dependency and not included in the pycaret installation. Please run: `pip install cuml` to install.
2023-11-07 23:42:08,143:WARNING:
'cuml' is a soft dependency and not included in the pycaret installation. Please run: `pip install cuml` to install.
2023-11-07 23:42:08,143:WARNING:
'cuml' is a soft dependency and not included in the pycaret installation. Please run: `pip install cuml` to install.
2023-11-07 23:42:08,945:INFO:Initializing load_model()
2023-11-07 23:42:08,945:INFO:load_model(model_name=../modelos\best_model-pipeline, platform=None, authentication=None, verbose=True)
2023-11-07 23:42:28,368:WARNING:
'cuml' is a soft dependency and not included in the pycaret installation. Please run: `pip install cuml` to install.
2023-11-07 23:42:28,369:WARNING:
'cuml' is a soft dependency and not included in the pycaret installation. Please run: `pip install cuml` to install.
2023-11-07 23:42:28,369:WARNING:
'cuml' is a soft dependency and not included in the pycaret installation. Please run: `pip install cuml` to install.
2023-11-07 23:42:28,369:WARNING:
'cuml' is a soft dependency and not included in the pycaret installation. Please run: `pip install cuml` to install.
2023-11-07 23:42:29,199:INFO:Initializing load_model()
2023-11-07 23:42:29,199:INFO:load_model(model_name=../modelos\best_model-pipeline, platform=None, authentication=None, verbose=True)
2023-11-07 23:42:52,433:WARNING:
'cuml' is a soft dependency and not included in the pycaret installation. Please run: `pip install cuml` to install.
2023-11-07 23:42:52,434:WARNING:
'cuml' is a soft dependency and not included in the pycaret installation. Please run: `pip install cuml` to install.
2023-11-07 23:42:52,434:WARNING:
'cuml' is a soft dependency and not included in the pycaret installation. Please run: `pip install cuml` to install.
2023-11-07 23:42:52,434:WARNING:
'cuml' is a soft dependency and not included in the pycaret installation. Please run: `pip install cuml` to install.
2023-11-07 23:42:53,226:INFO:Initializing load_model()
2023-11-07 23:42:53,226:INFO:load_model(model_name=../modelos\best_model-pipeline, platform=None, authentication=None, verbose=True)
2023-11-07 23:43:20,508:WARNING:
'cuml' is a soft dependency and not included in the pycaret installation. Please run: `pip install cuml` to install.
2023-11-07 23:43:20,508:WARNING:
'cuml' is a soft dependency and not included in the pycaret installation. Please run: `pip install cuml` to install.
2023-11-07 23:43:20,508:WARNING:
'cuml' is a soft dependency and not included in the pycaret installation. Please run: `pip install cuml` to install.
2023-11-07 23:43:20,508:WARNING:
'cuml' is a soft dependency and not included in the pycaret installation. Please run: `pip install cuml` to install.
2023-11-07 23:43:21,311:INFO:Initializing load_model()
2023-11-07 23:43:21,311:INFO:load_model(model_name=../modelos\best_model-pipeline, platform=None, authentication=None, verbose=True)
2023-11-07 23:43:48,585:WARNING:
'cuml' is a soft dependency and not included in the pycaret installation. Please run: `pip install cuml` to install.
2023-11-07 23:43:48,585:WARNING:
'cuml' is a soft dependency and not included in the pycaret installation. Please run: `pip install cuml` to install.
2023-11-07 23:43:48,585:WARNING:
'cuml' is a soft dependency and not included in the pycaret installation. Please run: `pip install cuml` to install.
2023-11-07 23:43:48,585:WARNING:
'cuml' is a soft dependency and not included in the pycaret installation. Please run: `pip install cuml` to install.
2023-11-07 23:43:49,391:INFO:Initializing load_model()
2023-11-07 23:43:49,391:INFO:load_model(model_name=../modelos\best_model-pipeline, platform=None, authentication=None, verbose=True)
2023-11-07 23:45:26,667:WARNING:
'cuml' is a soft dependency and not included in the pycaret installation. Please run: `pip install cuml` to install.
2023-11-07 23:45:26,667:WARNING:
'cuml' is a soft dependency and not included in the pycaret installation. Please run: `pip install cuml` to install.
2023-11-07 23:45:26,667:WARNING:
'cuml' is a soft dependency and not included in the pycaret installation. Please run: `pip install cuml` to install.
2023-11-07 23:45:26,667:WARNING:
'cuml' is a soft dependency and not included in the pycaret installation. Please run: `pip install cuml` to install.
2023-11-07 23:45:27,501:INFO:Initializing load_model()
2023-11-07 23:45:27,501:INFO:load_model(model_name=../modelos\best_model-pipeline, platform=None, authentication=None, verbose=True)
2023-11-07 23:45:43,836:WARNING:
'cuml' is a soft dependency and not included in the pycaret installation. Please run: `pip install cuml` to install.
2023-11-07 23:45:43,836:WARNING:
'cuml' is a soft dependency and not included in the pycaret installation. Please run: `pip install cuml` to install.
2023-11-07 23:45:43,836:WARNING:
'cuml' is a soft dependency and not included in the pycaret installation. Please run: `pip install cuml` to install.
2023-11-07 23:45:43,836:WARNING:
'cuml' is a soft dependency and not included in the pycaret installation. Please run: `pip install cuml` to install.
2023-11-07 23:45:44,653:INFO:Initializing load_model()
2023-11-07 23:45:44,653:INFO:load_model(model_name=../modelos\best_model-pipeline, platform=None, authentication=None, verbose=True)
2023-11-07 23:46:35,315:WARNING:
'cuml' is a soft dependency and not included in the pycaret installation. Please run: `pip install cuml` to install.
2023-11-07 23:46:35,315:WARNING:
'cuml' is a soft dependency and not included in the pycaret installation. Please run: `pip install cuml` to install.
2023-11-07 23:46:35,315:WARNING:
'cuml' is a soft dependency and not included in the pycaret installation. Please run: `pip install cuml` to install.
2023-11-07 23:46:35,315:WARNING:
'cuml' is a soft dependency and not included in the pycaret installation. Please run: `pip install cuml` to install.
2023-11-07 23:46:36,123:INFO:Initializing load_model()
2023-11-07 23:46:36,123:INFO:load_model(model_name=../modelos\best_model-pipeline, platform=None, authentication=None, verbose=True)
2023-11-07 23:48:35,658:WARNING:
'cuml' is a soft dependency and not included in the pycaret installation. Please run: `pip install cuml` to install.
2023-11-07 23:48:35,658:WARNING:
'cuml' is a soft dependency and not included in the pycaret installation. Please run: `pip install cuml` to install.
2023-11-07 23:48:35,658:WARNING:
'cuml' is a soft dependency and not included in the pycaret installation. Please run: `pip install cuml` to install.
2023-11-07 23:48:35,658:WARNING:
'cuml' is a soft dependency and not included in the pycaret installation. Please run: `pip install cuml` to install.
2023-11-07 23:48:36,479:INFO:Initializing load_model()
2023-11-07 23:48:36,479:INFO:load_model(model_name=../modelos\best_model-pipeline, platform=None, authentication=None, verbose=True)
2023-11-07 23:50:23,988:WARNING:
'cuml' is a soft dependency and not included in the pycaret installation. Please run: `pip install cuml` to install.
2023-11-07 23:50:23,988:WARNING:
'cuml' is a soft dependency and not included in the pycaret installation. Please run: `pip install cuml` to install.
2023-11-07 23:50:23,989:WARNING:
'cuml' is a soft dependency and not included in the pycaret installation. Please run: `pip install cuml` to install.
2023-11-07 23:50:23,989:WARNING:
'cuml' is a soft dependency and not included in the pycaret installation. Please run: `pip install cuml` to install.
2023-11-07 23:50:24,809:INFO:Initializing load_model()
2023-11-07 23:50:24,810:INFO:load_model(model_name=../modelos\best_model-pipeline, platform=None, authentication=None, verbose=True)
2023-11-07 23:51:23,920:WARNING:
'cuml' is a soft dependency and not included in the pycaret installation. Please run: `pip install cuml` to install.
2023-11-07 23:51:23,920:WARNING:
'cuml' is a soft dependency and not included in the pycaret installation. Please run: `pip install cuml` to install.
2023-11-07 23:51:23,920:WARNING:
'cuml' is a soft dependency and not included in the pycaret installation. Please run: `pip install cuml` to install.
2023-11-07 23:51:23,920:WARNING:
'cuml' is a soft dependency and not included in the pycaret installation. Please run: `pip install cuml` to install.
2023-11-07 23:51:24,743:INFO:Initializing load_model()
2023-11-07 23:51:24,743:INFO:load_model(model_name=../modelos\best_model-pipeline, platform=None, authentication=None, verbose=True)
2023-11-07 23:52:59,671:WARNING:
'cuml' is a soft dependency and not included in the pycaret installation. Please run: `pip install cuml` to install.
2023-11-07 23:52:59,671:WARNING:
'cuml' is a soft dependency and not included in the pycaret installation. Please run: `pip install cuml` to install.
2023-11-07 23:52:59,672:WARNING:
'cuml' is a soft dependency and not included in the pycaret installation. Please run: `pip install cuml` to install.
2023-11-07 23:52:59,672:WARNING:
'cuml' is a soft dependency and not included in the pycaret installation. Please run: `pip install cuml` to install.
2023-11-07 23:53:00,473:INFO:Initializing load_model()
2023-11-07 23:53:00,473:INFO:load_model(model_name=../modelos\best_model-pipeline, platform=None, authentication=None, verbose=True)
